<?xml version="1.0" encoding="UTF-8"?>
<testng-results ignored="0" total="1" passed="1" failed="0" skipped="0">
  <reporter-output>
  </reporter-output>
  <suite started-at="2024-09-18T11:44:04 IST" name="Suite" finished-at="2024-09-18T11:44:21 IST" duration-ms="16486">
    <groups>
    </groups>
    <test started-at="2024-09-18T11:44:04 IST" name="Test" finished-at="2024-09-18T11:44:21 IST" duration-ms="16486">
      <class name="testCases.RegistarionTestCase">
        <test-method is-config="true" signature="setUp(java.lang.String)[pri:0, instance:testCases.RegistarionTestCase@59f63e24]" started-at="2024-09-18T11:44:04 IST" name="setUp" finished-at="2024-09-18T11:44:10 IST" duration-ms="5247" status="PASS">
          <params>
            <param index="0">
              <value>
                <![CDATA[chrome]]>
              </value>
            </param>
          </params>
          <reporter-output>
          </reporter-output>
        </test-method> <!-- setUp -->
        <test-method signature="register()[pri:0, instance:testCases.RegistarionTestCase@59f63e24]" started-at="2024-09-18T11:44:10 IST" name="register" finished-at="2024-09-18T11:44:20 IST" duration-ms="10771" status="PASS">
          <reporter-output>
          </reporter-output>
        </test-method> <!-- register -->
        <test-method is-config="true" signature="tearDown()[pri:0, instance:testCases.RegistarionTestCase@59f63e24]" started-at="2024-09-18T11:44:20 IST" name="tearDown" finished-at="2024-09-18T11:44:21 IST" duration-ms="212" status="PASS">
          <reporter-output>
          </reporter-output>
        </test-method> <!-- tearDown -->
      </class> <!-- testCases.RegistarionTestCase -->
    </test> <!-- Test -->
  </suite> <!-- Suite -->
</testng-results>
