<?xml version="1.0" encoding="UTF-8"?>
<testng-results ignored="0" total="1" passed="1" failed="0" skipped="0">
  <reporter-output>
  </reporter-output>
  <suite started-at="2024-09-18T11:29:24 IST" name="Suite" finished-at="2024-09-18T11:30:18 IST" duration-ms="53736">
    <groups>
    </groups>
    <test started-at="2024-09-18T11:29:24 IST" name="Test" finished-at="2024-09-18T11:30:18 IST" duration-ms="53736">
      <class name="testCases.RegistarionTestCase">
        <test-method is-config="true" signature="setUp(java.lang.String)[pri:0, instance:testCases.RegistarionTestCase@7b5a12ae]" started-at="2024-09-18T11:29:25 IST" name="setUp" finished-at="2024-09-18T11:29:38 IST" duration-ms="13767" status="PASS">
          <params>
            <param index="0">
              <value>
                <![CDATA[chrome]]>
              </value>
            </param>
          </params>
          <reporter-output>
          </reporter-output>
        </test-method> <!-- setUp -->
        <test-method signature="register()[pri:0, instance:testCases.RegistarionTestCase@7b5a12ae]" started-at="2024-09-18T11:29:38 IST" name="register" finished-at="2024-09-18T11:30:17 IST" duration-ms="38985" status="PASS">
          <reporter-output>
          </reporter-output>
        </test-method> <!-- register -->
        <test-method is-config="true" signature="tearDown()[pri:0, instance:testCases.RegistarionTestCase@7b5a12ae]" started-at="2024-09-18T11:30:17 IST" name="tearDown" finished-at="2024-09-18T11:30:18 IST" duration-ms="500" status="PASS">
          <reporter-output>
          </reporter-output>
        </test-method> <!-- tearDown -->
      </class> <!-- testCases.RegistarionTestCase -->
    </test> <!-- Test -->
  </suite> <!-- Suite -->
</testng-results>
